  FaceMorphing.cpp
c:\users\10545\documents\github\cimg\imagemorphing\imagemorphing\facemorphing.cpp(33): warning C4244: 'initializing': conversion from 'double' to 'int', possible loss of data
c:\users\10545\documents\github\cimg\imagemorphing\imagemorphing\facemorphing.cpp(34): warning C4244: 'initializing': conversion from 'double' to 'int', possible loss of data
c:\users\10545\documents\github\cimg\imagemorphing\imagemorphing\facemorphing.cpp(88): warning C4244: '=': conversion from 'int' to 'float', possible loss of data
c:\users\10545\documents\github\cimg\imagemorphing\imagemorphing\facemorphing.cpp(89): warning C4244: '=': conversion from 'int' to 'float', possible loss of data
c:\users\10545\documents\github\cimg\imagemorphing\imagemorphing\facemorphing.cpp(90): warning C4244: '=': conversion from 'int' to 'float', possible loss of data
c:\users\10545\documents\github\cimg\imagemorphing\imagemorphing\facemorphing.cpp(91): warning C4244: '=': conversion from 'int' to 'float', possible loss of data
c:\users\10545\documents\github\cimg\imagemorphing\imagemorphing\facemorphing.cpp(92): warning C4244: '=': conversion from 'int' to 'float', possible loss of data
c:\users\10545\documents\github\cimg\imagemorphing\imagemorphing\facemorphing.cpp(93): warning C4244: '=': conversion from 'int' to 'float', possible loss of data
c:\users\10545\documents\github\cimg\imagemorphing\imagemorphing\facemorphing.cpp(95): warning C4244: '=': conversion from 'int' to 'float', possible loss of data
c:\users\10545\documents\github\cimg\imagemorphing\imagemorphing\facemorphing.cpp(96): warning C4244: '=': conversion from 'int' to 'float', possible loss of data
c:\users\10545\documents\github\cimg\imagemorphing\imagemorphing\facemorphing.cpp(97): warning C4244: '=': conversion from 'int' to 'float', possible loss of data
c:\users\10545\documents\github\cimg\imagemorphing\imagemorphing\facemorphing.cpp(98): warning C4244: '=': conversion from 'int' to 'float', possible loss of data
c:\users\10545\documents\github\cimg\imagemorphing\imagemorphing\facemorphing.cpp(99): warning C4244: '=': conversion from 'int' to 'float', possible loss of data
c:\users\10545\documents\github\cimg\imagemorphing\imagemorphing\facemorphing.cpp(100): warning C4244: '=': conversion from 'int' to 'float', possible loss of data
c:\users\10545\documents\github\cimg\imagemorphing\imagemorphing\facemorphing.cpp(134): warning C4267: 'initializing': conversion from 'size_t' to 'int', possible loss of data
c:\users\10545\documents\github\cimg\imagemorphing\imagemorphing\facemorphing.cpp(148): warning C4244: '=': conversion from 'int' to 'float', possible loss of data
c:\users\10545\documents\github\cimg\imagemorphing\imagemorphing\facemorphing.cpp(149): warning C4244: '=': conversion from 'int' to 'float', possible loss of data
c:\users\10545\documents\github\cimg\imagemorphing\imagemorphing\facemorphing.cpp(163): warning C4018: '>': signed/unsigned mismatch
c:\users\10545\documents\github\cimg\imagemorphing\imagemorphing\facemorphing.cpp(165): warning C4018: '>': signed/unsigned mismatch
c:\users\10545\documents\github\cimg\imagemorphing\imagemorphing\facemorphing.cpp(168): warning C4018: '>': signed/unsigned mismatch
c:\users\10545\documents\github\cimg\imagemorphing\imagemorphing\facemorphing.cpp(170): warning C4018: '>': signed/unsigned mismatch
c:\users\10545\documents\github\cimg\imagemorphing\imagemorphing\facemorphing.cpp(173): warning C4244: '=': conversion from 'double' to 'float', possible loss of data
c:\users\10545\documents\github\cimg\imagemorphing\imagemorphing\facemorphing.cpp(174): warning C4244: '=': conversion from 'double' to 'float', possible loss of data
c:\users\10545\documents\github\cimg\imagemorphing\imagemorphing\facemorphing.cpp(175): warning C4244: '=': conversion from 'double' to 'float', possible loss of data
c:\program files (x86)\microsoft visual studio 14.0\vc\include\cimg.h(14407): warning C4319: '~': zero extending 'unsigned long' to 'double' of greater size
  c:\program files (x86)\microsoft visual studio 14.0\vc\include\cimg.h(14406): note: while compiling class template member function 'double cimg_library::CImg<float>::_cimg_math_parser::mp_bitwise_not(cimg_library::CImg<float>::_cimg_math_parser &)'
  c:\program files (x86)\microsoft visual studio 14.0\vc\include\cimg.h(14138): note: see reference to function template instantiation 'double cimg_library::CImg<float>::_cimg_math_parser::mp_bitwise_not(cimg_library::CImg<float>::_cimg_math_parser &)' being compiled
  c:\program files (x86)\microsoft visual studio 14.0\vc\include\cimg.h(16160): note: see reference to class template instantiation 'cimg_library::CImg<float>::_cimg_math_parser' being compiled
  c:\program files (x86)\microsoft visual studio 14.0\vc\include\cimg.h(16158): note: while compiling class template member function 'double cimg_library::CImg<float>::eval(const char *const ,const double,const double,const double,const double) const'
  c:\program files (x86)\microsoft visual studio 14.0\vc\include\cimg.h(50762): note: see reference to function template instantiation 'double cimg_library::CImg<float>::eval(const char *const ,const double,const double,const double,const double) const' being compiled
  c:\program files (x86)\microsoft visual studio 14.0\vc\include\cimg.h(27785): note: see reference to class template instantiation 'cimg_library::CImg<float>' being compiled
  c:\program files (x86)\microsoft visual studio 14.0\vc\include\cimg.h(49813): note: see reference to class template instantiation 'cimg_library::CImg<char>' being compiled
  ImageMorphing.vcxproj -> C:\Users\10545\Documents\GitHub\CImg\ImageMorphing\x64\Debug\ImageMorphing.exe
  ImageMorphing.vcxproj -> C:\Users\10545\Documents\GitHub\CImg\ImageMorphing\x64\Debug\ImageMorphing.pdb (Full PDB)
